mode: set
github.com/rbonfanti/shipping-calculator/internal/validator/shipping.go:17.55,18.19 1 1
github.com/rbonfanti/shipping-calculator/internal/validator/shipping.go:18.19,20.3 1 1
github.com/rbonfanti/shipping-calculator/internal/validator/shipping.go:23.2,26.75 2 1
github.com/rbonfanti/shipping-calculator/internal/validator/shipping.go:26.75,28.3 1 1
github.com/rbonfanti/shipping-calculator/internal/validator/shipping.go:31.2,31.34 1 1
github.com/rbonfanti/shipping-calculator/internal/validator/shipping.go:31.34,32.29 1 1
github.com/rbonfanti/shipping-calculator/internal/validator/shipping.go:32.29,34.4 1 1
github.com/rbonfanti/shipping-calculator/internal/validator/shipping.go:37.2,37.12 1 1
github.com/rbonfanti/shipping-calculator/internal/validator/shipping.go:41.43,42.25 1 1
github.com/rbonfanti/shipping-calculator/internal/validator/shipping.go:42.25,44.3 1 1
github.com/rbonfanti/shipping-calculator/internal/validator/shipping.go:45.2,45.12 1 1
github.com/rbonfanti/shipping-calculator/internal/validator/shipping.go:49.62,50.17 1 1
github.com/rbonfanti/shipping-calculator/internal/validator/shipping.go:50.17,52.3 1 1
github.com/rbonfanti/shipping-calculator/internal/validator/shipping.go:53.2,53.16 1 1
github.com/rbonfanti/shipping-calculator/internal/validator/shipping.go:53.16,55.3 1 1
github.com/rbonfanti/shipping-calculator/internal/validator/shipping.go:56.2,56.17 1 1
github.com/rbonfanti/shipping-calculator/internal/validator/shipping.go:56.17,58.3 1 1
github.com/rbonfanti/shipping-calculator/internal/validator/shipping.go:60.2,61.27 2 1
github.com/rbonfanti/shipping-calculator/internal/validator/shipping.go:61.27,63.3 1 1
github.com/rbonfanti/shipping-calculator/internal/validator/shipping.go:65.2,65.12 1 1
github.com/rbonfanti/shipping-calculator/internal/validator/shipping.go:69.61,71.2 1 1
github.com/rbonfanti/shipping-calculator/internal/service/shipping.go:44.44,46.2 1 1
github.com/rbonfanti/shipping-calculator/internal/service/shipping.go:49.145,54.87 2 1
github.com/rbonfanti/shipping-calculator/internal/service/shipping.go:54.87,61.3 2 1
github.com/rbonfanti/shipping-calculator/internal/service/shipping.go:63.2,63.97 1 1
github.com/rbonfanti/shipping-calculator/internal/service/shipping.go:63.97,70.3 2 1
github.com/rbonfanti/shipping-calculator/internal/service/shipping.go:72.2,72.61 1 1
github.com/rbonfanti/shipping-calculator/internal/service/shipping.go:72.61,79.3 2 1
github.com/rbonfanti/shipping-calculator/internal/service/shipping.go:81.2,82.121 2 1
github.com/rbonfanti/shipping-calculator/internal/service/shipping.go:82.121,89.3 2 1
github.com/rbonfanti/shipping-calculator/internal/service/shipping.go:92.2,113.22 6 1
github.com/rbonfanti/shipping-calculator/internal/service/shipping.go:117.95,127.32 5 1
github.com/rbonfanti/shipping-calculator/internal/service/shipping.go:127.32,129.3 1 1
github.com/rbonfanti/shipping-calculator/internal/service/shipping.go:132.2,133.18 2 1
github.com/rbonfanti/shipping-calculator/internal/service/shipping.go:133.18,135.3 1 1
github.com/rbonfanti/shipping-calculator/internal/service/shipping.go:141.2,141.21 1 1
github.com/rbonfanti/shipping-calculator/internal/service/shipping.go:141.21,143.3 1 1
github.com/rbonfanti/shipping-calculator/internal/service/shipping.go:146.2,147.39 2 1
github.com/rbonfanti/shipping-calculator/internal/service/shipping.go:151.136,166.15 7 1
github.com/rbonfanti/shipping-calculator/internal/service/shipping.go:166.15,168.3 1 1
github.com/rbonfanti/shipping-calculator/internal/service/shipping.go:171.2,175.15 3 1
github.com/rbonfanti/shipping-calculator/internal/service/shipping.go:175.15,177.3 1 1
github.com/rbonfanti/shipping-calculator/internal/service/shipping.go:179.2,186.3 1 1
github.com/rbonfanti/shipping-calculator/internal/service/shipping.go:190.133,200.15 5 1
github.com/rbonfanti/shipping-calculator/internal/service/shipping.go:200.15,203.30 3 1
github.com/rbonfanti/shipping-calculator/internal/service/shipping.go:203.30,205.4 1 0
github.com/rbonfanti/shipping-calculator/internal/service/shipping.go:206.8,209.3 2 1
github.com/rbonfanti/shipping-calculator/internal/service/shipping.go:212.2,230.3 2 1
github.com/rbonfanti/shipping-calculator/telemetry/init.go:18.67,20.19 2 0
github.com/rbonfanti/shipping-calculator/telemetry/init.go:20.19,22.3 1 0
github.com/rbonfanti/shipping-calculator/telemetry/init.go:25.2,32.24 3 0
github.com/rbonfanti/shipping-calculator/telemetry/init.go:32.24,35.3 2 0
github.com/rbonfanti/shipping-calculator/telemetry/init.go:35.8,37.3 1 0
github.com/rbonfanti/shipping-calculator/telemetry/init.go:41.2,41.22 1 0
github.com/rbonfanti/shipping-calculator/telemetry/init.go:41.22,43.3 1 0
github.com/rbonfanti/shipping-calculator/telemetry/metrics.go:62.33,63.17 1 0
github.com/rbonfanti/shipping-calculator/telemetry/metrics.go:63.17,65.20 2 0
github.com/rbonfanti/shipping-calculator/telemetry/metrics.go:65.20,67.4 1 0
github.com/rbonfanti/shipping-calculator/telemetry/metrics.go:69.3,70.21 2 0
github.com/rbonfanti/shipping-calculator/telemetry/metrics.go:70.21,72.4 1 0
github.com/rbonfanti/shipping-calculator/telemetry/metrics.go:74.3,80.17 4 0
github.com/rbonfanti/shipping-calculator/telemetry/metrics.go:80.17,82.4 1 0
github.com/rbonfanti/shipping-calculator/telemetry/metrics.go:84.3,86.17 2 0
github.com/rbonfanti/shipping-calculator/telemetry/metrics.go:86.17,88.4 1 0
github.com/rbonfanti/shipping-calculator/telemetry/metrics.go:90.3,92.17 2 0
github.com/rbonfanti/shipping-calculator/telemetry/metrics.go:92.17,94.4 1 0
github.com/rbonfanti/shipping-calculator/telemetry/metrics.go:96.3,98.17 2 0
github.com/rbonfanti/shipping-calculator/telemetry/metrics.go:98.17,100.4 1 0
github.com/rbonfanti/shipping-calculator/telemetry/metrics.go:102.3,104.17 2 0
github.com/rbonfanti/shipping-calculator/telemetry/metrics.go:104.17,106.4 1 0
github.com/rbonfanti/shipping-calculator/telemetry/metrics.go:108.3,110.17 2 0
github.com/rbonfanti/shipping-calculator/telemetry/metrics.go:110.17,112.4 1 0
github.com/rbonfanti/shipping-calculator/telemetry/metrics.go:114.3,116.17 2 0
github.com/rbonfanti/shipping-calculator/telemetry/metrics.go:116.17,118.4 1 0
github.com/rbonfanti/shipping-calculator/telemetry/metrics.go:120.3,128.4 1 0
github.com/rbonfanti/shipping-calculator/telemetry/metrics.go:131.2,131.17 1 0
github.com/rbonfanti/shipping-calculator/telemetry/metrics.go:134.83,137.2 1 0
github.com/rbonfanti/shipping-calculator/telemetry/metrics.go:139.64,143.2 1 0
github.com/rbonfanti/shipping-calculator/telemetry/metrics.go:145.66,149.2 1 0
github.com/rbonfanti/shipping-calculator/telemetry/metrics.go:151.86,156.2 1 0
github.com/rbonfanti/shipping-calculator/telemetry/metrics.go:159.54,161.2 1 0
github.com/rbonfanti/shipping-calculator/telemetry/metrics.go:164.69,166.2 1 0
github.com/rbonfanti/shipping-calculator/telemetry/metrics.go:169.81,171.2 1 0
github.com/rbonfanti/shipping-calculator/telemetry/metrics.go:174.59,176.2 1 0
github.com/rbonfanti/shipping-calculator/internal/handler/shipping.go:23.112,28.2 1 1
github.com/rbonfanti/shipping-calculator/internal/handler/shipping.go:31.85,40.61 5 1
github.com/rbonfanti/shipping-calculator/internal/handler/shipping.go:40.61,45.3 4 1
github.com/rbonfanti/shipping-calculator/internal/handler/shipping.go:48.2,60.16 4 1
github.com/rbonfanti/shipping-calculator/internal/handler/shipping.go:60.16,65.3 4 1
github.com/rbonfanti/shipping-calculator/internal/handler/shipping.go:68.2,73.46 4 1
github.com/rbonfanti/shipping-calculator/internal/handler/shipping.go:77.111,80.56 3 1
github.com/rbonfanti/shipping-calculator/internal/handler/shipping.go:80.56,82.3 1 0
github.com/rbonfanti/shipping-calculator/internal/logger/logger.go:12.51,13.52 1 0
github.com/rbonfanti/shipping-calculator/internal/logger/logger.go:13.52,15.3 1 0
github.com/rbonfanti/shipping-calculator/internal/logger/logger.go:16.2,16.11 1 0
github.com/rbonfanti/shipping-calculator/internal/logger/logger.go:20.45,22.34 2 0
github.com/rbonfanti/shipping-calculator/internal/logger/logger.go:22.34,24.3 1 0
github.com/rbonfanti/shipping-calculator/internal/logger/logger.go:25.2,25.11 1 0
github.com/rbonfanti/shipping-calculator/internal/logger/logger.go:29.44,31.34 2 0
github.com/rbonfanti/shipping-calculator/internal/logger/logger.go:31.34,33.3 1 0
github.com/rbonfanti/shipping-calculator/internal/logger/logger.go:34.2,34.11 1 0
github.com/rbonfanti/shipping-calculator/internal/logger/logger.go:38.77,42.65 2 0
github.com/rbonfanti/shipping-calculator/internal/logger/logger.go:42.65,44.3 1 0
github.com/rbonfanti/shipping-calculator/internal/logger/logger.go:47.2,47.47 1 0
github.com/rbonfanti/shipping-calculator/internal/logger/logger.go:47.47,49.3 1 0
github.com/rbonfanti/shipping-calculator/internal/logger/logger.go:52.2,52.44 1 0
github.com/rbonfanti/shipping-calculator/internal/logger/logger.go:52.44,54.3 1 0
github.com/rbonfanti/shipping-calculator/internal/logger/logger.go:56.2,56.21 1 0
github.com/rbonfanti/shipping-calculator/internal/logger/logger.go:56.21,58.3 1 0
github.com/rbonfanti/shipping-calculator/internal/logger/logger.go:59.2,59.15 1 0
github.com/rbonfanti/shipping-calculator/internal/logger/logger.go:63.77,65.2 1 0
github.com/rbonfanti/shipping-calculator/internal/logger/logger.go:68.95,71.2 2 0
github.com/rbonfanti/shipping-calculator/internal/logger/logger.go:74.95,77.2 2 0
github.com/rbonfanti/shipping-calculator/internal/logger/logger.go:80.104,84.2 3 0
github.com/rbonfanti/shipping-calculator/internal/logger/logger.go:88.87,89.56 1 0
github.com/rbonfanti/shipping-calculator/internal/logger/logger.go:89.56,90.43 1 0
github.com/rbonfanti/shipping-calculator/internal/logger/logger.go:90.43,92.4 1 0
github.com/rbonfanti/shipping-calculator/internal/logger/logger.go:94.2,94.46 1 0
github.com/rbonfanti/shipping-calculator/cmd/api/main.go:19.13,24.16 3 0
github.com/rbonfanti/shipping-calculator/cmd/api/main.go:24.16,26.3 1 0
github.com/rbonfanti/shipping-calculator/cmd/api/main.go:27.2,27.15 1 0
github.com/rbonfanti/shipping-calculator/cmd/api/main.go:27.15,28.36 1 0
github.com/rbonfanti/shipping-calculator/cmd/api/main.go:28.36,30.4 1 0
github.com/rbonfanti/shipping-calculator/cmd/api/main.go:34.2,35.16 2 0
github.com/rbonfanti/shipping-calculator/cmd/api/main.go:35.16,37.3 1 0
github.com/rbonfanti/shipping-calculator/cmd/api/main.go:38.2,58.16 11 0
github.com/rbonfanti/shipping-calculator/cmd/api/main.go:58.16,60.3 1 0
github.com/rbonfanti/shipping-calculator/cmd/api/main.go:62.2,68.12 2 0
github.com/rbonfanti/shipping-calculator/cmd/api/main.go:68.12,70.80 2 0
github.com/rbonfanti/shipping-calculator/cmd/api/main.go:70.80,72.4 1 0
github.com/rbonfanti/shipping-calculator/cmd/api/main.go:76.2,81.39 5 0
github.com/rbonfanti/shipping-calculator/cmd/api/main.go:81.39,83.3 1 0
github.com/rbonfanti/shipping-calculator/cmd/api/main.go:86.2,86.35 1 0
github.com/rbonfanti/shipping-calculator/cmd/api/main.go:86.35,88.3 1 0
