mode: set
github.com/rbonfanti/shipping-calculator/internal/validator/shipping.go:17.55,18.19 1 1
github.com/rbonfanti/shipping-calculator/internal/validator/shipping.go:18.19,20.3 1 1
github.com/rbonfanti/shipping-calculator/internal/validator/shipping.go:23.2,26.75 2 1
github.com/rbonfanti/shipping-calculator/internal/validator/shipping.go:26.75,28.3 1 1
github.com/rbonfanti/shipping-calculator/internal/validator/shipping.go:31.2,31.34 1 1
github.com/rbonfanti/shipping-calculator/internal/validator/shipping.go:31.34,32.29 1 1
github.com/rbonfanti/shipping-calculator/internal/validator/shipping.go:32.29,34.4 1 1
github.com/rbonfanti/shipping-calculator/internal/validator/shipping.go:37.2,37.12 1 1
github.com/rbonfanti/shipping-calculator/internal/validator/shipping.go:41.43,42.25 1 1
github.com/rbonfanti/shipping-calculator/internal/validator/shipping.go:42.25,44.3 1 1
github.com/rbonfanti/shipping-calculator/internal/validator/shipping.go:45.2,45.12 1 1
github.com/rbonfanti/shipping-calculator/internal/validator/shipping.go:49.62,50.17 1 1
github.com/rbonfanti/shipping-calculator/internal/validator/shipping.go:50.17,52.3 1 1
github.com/rbonfanti/shipping-calculator/internal/validator/shipping.go:53.2,53.16 1 1
github.com/rbonfanti/shipping-calculator/internal/validator/shipping.go:53.16,55.3 1 1
github.com/rbonfanti/shipping-calculator/internal/validator/shipping.go:56.2,56.17 1 1
github.com/rbonfanti/shipping-calculator/internal/validator/shipping.go:56.17,58.3 1 1
github.com/rbonfanti/shipping-calculator/internal/validator/shipping.go:60.2,61.27 2 1
github.com/rbonfanti/shipping-calculator/internal/validator/shipping.go:61.27,63.3 1 1
github.com/rbonfanti/shipping-calculator/internal/validator/shipping.go:65.2,65.12 1 1
github.com/rbonfanti/shipping-calculator/internal/validator/shipping.go:69.61,71.2 1 1
github.com/rbonfanti/shipping-calculator/internal/service/shipping.go:44.44,46.2 1 1
github.com/rbonfanti/shipping-calculator/internal/service/shipping.go:49.145,54.87 2 1
github.com/rbonfanti/shipping-calculator/internal/service/shipping.go:54.87,61.3 2 1
github.com/rbonfanti/shipping-calculator/internal/service/shipping.go:63.2,63.97 1 1
github.com/rbonfanti/shipping-calculator/internal/service/shipping.go:63.97,70.3 2 1
github.com/rbonfanti/shipping-calculator/internal/service/shipping.go:72.2,72.61 1 1
github.com/rbonfanti/shipping-calculator/internal/service/shipping.go:72.61,79.3 2 1
github.com/rbonfanti/shipping-calculator/internal/service/shipping.go:81.2,82.121 2 1
github.com/rbonfanti/shipping-calculator/internal/service/shipping.go:82.121,89.3 2 1
github.com/rbonfanti/shipping-calculator/internal/service/shipping.go:92.2,113.22 6 1
github.com/rbonfanti/shipping-calculator/internal/service/shipping.go:117.95,127.32 5 1
github.com/rbonfanti/shipping-calculator/internal/service/shipping.go:127.32,129.3 1 1
github.com/rbonfanti/shipping-calculator/internal/service/shipping.go:132.2,133.18 2 1
github.com/rbonfanti/shipping-calculator/internal/service/shipping.go:133.18,135.3 1 1
github.com/rbonfanti/shipping-calculator/internal/service/shipping.go:141.2,141.21 1 1
github.com/rbonfanti/shipping-calculator/internal/service/shipping.go:141.21,143.3 1 1
github.com/rbonfanti/shipping-calculator/internal/service/shipping.go:146.2,147.39 2 1
github.com/rbonfanti/shipping-calculator/internal/service/shipping.go:151.136,166.15 7 1
github.com/rbonfanti/shipping-calculator/internal/service/shipping.go:166.15,168.3 1 1
github.com/rbonfanti/shipping-calculator/internal/service/shipping.go:171.2,175.15 3 1
github.com/rbonfanti/shipping-calculator/internal/service/shipping.go:175.15,177.3 1 1
github.com/rbonfanti/shipping-calculator/internal/service/shipping.go:179.2,186.3 1 1
github.com/rbonfanti/shipping-calculator/internal/service/shipping.go:190.133,200.15 5 1
github.com/rbonfanti/shipping-calculator/internal/service/shipping.go:200.15,203.30 3 1
github.com/rbonfanti/shipping-calculator/internal/service/shipping.go:203.30,205.4 1 0
github.com/rbonfanti/shipping-calculator/internal/service/shipping.go:206.8,209.3 2 1
github.com/rbonfanti/shipping-calculator/internal/service/shipping.go:212.2,230.3 2 1
github.com/rbonfanti/shipping-calculator/internal/logger/logger.go:12.51,13.52 1 1
github.com/rbonfanti/shipping-calculator/internal/logger/logger.go:13.52,15.3 1 1
github.com/rbonfanti/shipping-calculator/internal/logger/logger.go:16.2,16.11 1 1
github.com/rbonfanti/shipping-calculator/internal/logger/logger.go:20.45,22.34 2 1
github.com/rbonfanti/shipping-calculator/internal/logger/logger.go:22.34,24.3 1 0
github.com/rbonfanti/shipping-calculator/internal/logger/logger.go:25.2,25.11 1 1
github.com/rbonfanti/shipping-calculator/internal/logger/logger.go:29.44,31.34 2 1
github.com/rbonfanti/shipping-calculator/internal/logger/logger.go:31.34,33.3 1 0
github.com/rbonfanti/shipping-calculator/internal/logger/logger.go:34.2,34.11 1 1
github.com/rbonfanti/shipping-calculator/internal/logger/logger.go:38.77,42.65 2 1
github.com/rbonfanti/shipping-calculator/internal/logger/logger.go:42.65,44.3 1 1
github.com/rbonfanti/shipping-calculator/internal/logger/logger.go:47.2,47.47 1 1
github.com/rbonfanti/shipping-calculator/internal/logger/logger.go:47.47,49.3 1 0
github.com/rbonfanti/shipping-calculator/internal/logger/logger.go:52.2,52.44 1 1
github.com/rbonfanti/shipping-calculator/internal/logger/logger.go:52.44,54.3 1 0
github.com/rbonfanti/shipping-calculator/internal/logger/logger.go:56.2,56.21 1 1
github.com/rbonfanti/shipping-calculator/internal/logger/logger.go:56.21,58.3 1 1
github.com/rbonfanti/shipping-calculator/internal/logger/logger.go:59.2,59.15 1 1
github.com/rbonfanti/shipping-calculator/internal/logger/logger.go:63.77,65.2 1 1
github.com/rbonfanti/shipping-calculator/internal/logger/logger.go:68.95,71.2 2 1
github.com/rbonfanti/shipping-calculator/internal/logger/logger.go:74.95,77.2 2 1
github.com/rbonfanti/shipping-calculator/internal/logger/logger.go:80.104,84.2 3 1
github.com/rbonfanti/shipping-calculator/internal/logger/logger.go:88.87,89.56 1 1
github.com/rbonfanti/shipping-calculator/internal/logger/logger.go:89.56,90.43 1 1
github.com/rbonfanti/shipping-calculator/internal/logger/logger.go:90.43,92.4 1 1
github.com/rbonfanti/shipping-calculator/internal/logger/logger.go:94.2,94.46 1 1
github.com/rbonfanti/shipping-calculator/internal/handler/shipping.go:23.112,28.2 1 1
github.com/rbonfanti/shipping-calculator/internal/handler/shipping.go:31.85,40.61 5 1
github.com/rbonfanti/shipping-calculator/internal/handler/shipping.go:40.61,45.3 4 1
github.com/rbonfanti/shipping-calculator/internal/handler/shipping.go:48.2,60.16 4 1
github.com/rbonfanti/shipping-calculator/internal/handler/shipping.go:60.16,65.3 4 1
github.com/rbonfanti/shipping-calculator/internal/handler/shipping.go:68.2,73.46 4 1
github.com/rbonfanti/shipping-calculator/internal/handler/shipping.go:77.111,80.56 3 1
github.com/rbonfanti/shipping-calculator/internal/handler/shipping.go:80.56,82.3 1 1
github.com/rbonfanti/shipping-calculator/telemetry/init.go:18.67,20.19 2 1
github.com/rbonfanti/shipping-calculator/telemetry/init.go:20.19,22.3 1 1
github.com/rbonfanti/shipping-calculator/telemetry/init.go:25.2,32.24 3 1
github.com/rbonfanti/shipping-calculator/telemetry/init.go:32.24,35.3 2 1
github.com/rbonfanti/shipping-calculator/telemetry/init.go:35.8,37.3 1 1
github.com/rbonfanti/shipping-calculator/telemetry/init.go:41.2,41.22 1 1
github.com/rbonfanti/shipping-calculator/telemetry/init.go:41.22,43.3 1 1
github.com/rbonfanti/shipping-calculator/telemetry/metrics.go:62.33,63.17 1 1
github.com/rbonfanti/shipping-calculator/telemetry/metrics.go:63.17,65.20 2 1
github.com/rbonfanti/shipping-calculator/telemetry/metrics.go:65.20,67.4 1 1
github.com/rbonfanti/shipping-calculator/telemetry/metrics.go:69.3,75.17 4 1
github.com/rbonfanti/shipping-calculator/telemetry/metrics.go:75.17,77.4 1 0
github.com/rbonfanti/shipping-calculator/telemetry/metrics.go:79.3,81.17 2 1
github.com/rbonfanti/shipping-calculator/telemetry/metrics.go:81.17,83.4 1 0
github.com/rbonfanti/shipping-calculator/telemetry/metrics.go:85.3,87.17 2 1
github.com/rbonfanti/shipping-calculator/telemetry/metrics.go:87.17,89.4 1 0
github.com/rbonfanti/shipping-calculator/telemetry/metrics.go:91.3,93.17 2 1
github.com/rbonfanti/shipping-calculator/telemetry/metrics.go:93.17,95.4 1 0
github.com/rbonfanti/shipping-calculator/telemetry/metrics.go:97.3,99.17 2 1
github.com/rbonfanti/shipping-calculator/telemetry/metrics.go:99.17,101.4 1 0
github.com/rbonfanti/shipping-calculator/telemetry/metrics.go:103.3,105.17 2 1
github.com/rbonfanti/shipping-calculator/telemetry/metrics.go:105.17,107.4 1 0
github.com/rbonfanti/shipping-calculator/telemetry/metrics.go:109.3,111.17 2 1
github.com/rbonfanti/shipping-calculator/telemetry/metrics.go:111.17,113.4 1 0
github.com/rbonfanti/shipping-calculator/telemetry/metrics.go:115.3,123.4 1 1
github.com/rbonfanti/shipping-calculator/telemetry/metrics.go:126.2,126.17 1 1
github.com/rbonfanti/shipping-calculator/telemetry/metrics.go:129.83,132.2 1 1
github.com/rbonfanti/shipping-calculator/telemetry/metrics.go:134.64,138.2 1 1
github.com/rbonfanti/shipping-calculator/telemetry/metrics.go:140.66,144.2 1 1
github.com/rbonfanti/shipping-calculator/telemetry/metrics.go:146.86,151.2 1 1
github.com/rbonfanti/shipping-calculator/telemetry/metrics.go:154.54,156.2 1 1
github.com/rbonfanti/shipping-calculator/telemetry/metrics.go:159.69,161.2 1 1
github.com/rbonfanti/shipping-calculator/telemetry/metrics.go:164.81,166.2 1 1
github.com/rbonfanti/shipping-calculator/telemetry/metrics.go:169.59,171.2 1 1
